[0mCompiling "resources/public/js/compiled/om_tut.js" from ["src"]...
notifying browser that file changed:  resources/public/js/compiled/out/goog/deps.js
notifying browser that file changed:  resources/public/js/compiled/out/cljs_deps.js
notifying browser that file changed:  out/om_tut/core.js
[32mSuccessfully compiled "resources/public/js/compiled/om_tut.js" in 0.318 seconds.[0m
[0mCompiling "resources/public/js/compiled/om_tut.js" from ["src"]...
notifying browser that file changed:  out/om_tut/core.js
[32mSuccessfully compiled "resources/public/js/compiled/om_tut.js" in 0.211 seconds.[0m
[0mCompiling "resources/public/js/compiled/om_tut.js" from ["src"]...
notifying browser that file changed:  out/om_tut/core.js
[32mSuccessfully compiled "resources/public/js/compiled/om_tut.js" in 0.242 seconds.[0m
[0mCompiling "resources/public/js/compiled/om_tut.js" from ["src"]...
notifying browser that file changed:  out/om_tut/core.js
[32mSuccessfully compiled "resources/public/js/compiled/om_tut.js" in 0.19 seconds.[0m
[0mCompiling "resources/public/js/compiled/om_tut.js" from ["src"]...
notifying browser that file changed:  out/om_tut/core.js
[32mSuccessfully compiled "resources/public/js/compiled/om_tut.js" in 0.198 seconds.[0m
[0mCompiling "resources/public/js/compiled/om_tut.js" from ["src"]...
notifying browser that file changed:  out/om_tut/core.js
[32mSuccessfully compiled "resources/public/js/compiled/om_tut.js" in 0.215 seconds.[0m
[0mCompiling "resources/public/js/compiled/om_tut.js" from ["src"]...
notifying browser that file changed:  out/om_tut/core.js
[32mSuccessfully compiled "resources/public/js/compiled/om_tut.js" in 0.203 seconds.[0m
[0mCompiling "resources/public/js/compiled/om_tut.js" from ["src"]...
notifying browser that file changed:  out/om_tut/core.js
[32mSuccessfully compiled "resources/public/js/compiled/om_tut.js" in 0.219 seconds.[0m
[0mCompiling "resources/public/js/compiled/om_tut.js" from ["src"]...
notifying browser that file changed:  out/om_tut/core.js
[32mSuccessfully compiled "resources/public/js/compiled/om_tut.js" in 0.212 seconds.[0m
[0mCompiling "resources/public/js/compiled/om_tut.js" from ["src"]...
notifying browser that file changed:  out/om_tut/core.js
[32mSuccessfully compiled "resources/public/js/compiled/om_tut.js" in 0.215 seconds.[0m
[0mCompiling "resources/public/js/compiled/om_tut.js" from ["src"]...
[31mCompiling "resources/public/js/compiled/om_tut.js" failed.
[0mERROR: EOF while reading, starting at line 13 and column 1 on file /home/benji/Projects/om-tut/src/om_tut/core.cljs, line 25, column 1
[32mSuccessfully compiled "resources/public/js/compiled/om_tut.js" in 0.103 seconds.[0m
[0mCompiling "resources/public/js/compiled/om_tut.js" from ["src"]...
notifying browser that file changed:  out/om_tut/core.js
[32mSuccessfully compiled "resources/public/js/compiled/om_tut.js" in 0.197 seconds.[0m
[0mCompiling "resources/public/js/compiled/om_tut.js" from ["src"]...
notifying browser that file changed:  out/om_tut/core.js
[32mSuccessfully compiled "resources/public/js/compiled/om_tut.js" in 0.188 seconds.[0m
[0mCompiling "resources/public/js/compiled/om_tut.js" from ["src"]...
notifying browser that file changed:  out/om_tut/core.js
[32mSuccessfully compiled "resources/public/js/compiled/om_tut.js" in 0.186 seconds.[0m
[0mCompiling "resources/public/js/compiled/om_tut.js" from ["src"]...
notifying browser that file changed:  out/om_tut/core.js
[32mSuccessfully compiled "resources/public/js/compiled/om_tut.js" in 0.199 seconds.[0m
[0mCompiling "resources/public/js/compiled/om_tut.js" from ["src"]...
WARNING: Use of undeclared Var om-tut.core/contact-view at line 32 /home/benji/Projects/om-tut/src/om_tut/core.cljs
notifying browser that file changed:  out/om_tut/core.js
[32mSuccessfully compiled "resources/public/js/compiled/om_tut.js" in 0.295 seconds.[0m
[0mCompiling "resources/public/js/compiled/om_tut.js" from ["src"]...
WARNING: Use of undeclared Var om-tut.core/contact-view at line 32 /home/benji/Projects/om-tut/src/om_tut/core.cljs
WARNING: Use of undeclared Var om-tut.core/display-name at line 38 /home/benji/Projects/om-tut/src/om_tut/core.cljs
notifying browser that file changed:  out/om_tut/core.js
[32mSuccessfully compiled "resources/public/js/compiled/om_tut.js" in 0.322 seconds.[0m
[0mCompiling "resources/public/js/compiled/om_tut.js" from ["src"]...
WARNING: Use of undeclared Var om-tut.core/display-name at line 26 /home/benji/Projects/om-tut/src/om_tut/core.cljs
notifying browser that file changed:  out/om_tut/core.js
[32mSuccessfully compiled "resources/public/js/compiled/om_tut.js" in 0.342 seconds.[0m
[0mCompiling "resources/public/js/compiled/om_tut.js" from ["src"]...
WARNING: Use of undeclared Var om-tut.core/middle-name at line 23 /home/benji/Projects/om-tut/src/om_tut/core.cljs
notifying browser that file changed:  out/om_tut/core.js
[32mSuccessfully compiled "resources/public/js/compiled/om_tut.js" in 0.36 seconds.[0m
[0mCompiling "resources/public/js/compiled/om_tut.js" from ["src"]...
notifying browser that file changed:  out/om_tut/core.js
[32mSuccessfully compiled "resources/public/js/compiled/om_tut.js" in 0.244 seconds.[0m
[0mCompiling "resources/public/js/compiled/om_tut.js" from ["src"]...
notifying browser that file changed:  out/om_tut/core.js
[32mSuccessfully compiled "resources/public/js/compiled/om_tut.js" in 0.251 seconds.[0m
[0mCompiling "resources/public/js/compiled/om_tut.js" from ["src"]...
notifying browser that file changed:  out/om_tut/core.js
[32mSuccessfully compiled "resources/public/js/compiled/om_tut.js" in 0.249 seconds.[0m
[0mCompiling "resources/public/js/compiled/om_tut.js" from ["src"]...
notifying browser that file changed:  out/om_tut/core.js
[32mSuccessfully compiled "resources/public/js/compiled/om_tut.js" in 0.274 seconds.[0m
[0mCompiling "resources/public/js/compiled/om_tut.js" from ["src"]...
[31mCompiling "resources/public/js/compiled/om_tut.js" failed.
[0mERROR: Invalid number format [20px] on file /home/benji/Projects/om-tut/src/om_tut/core.cljs, line 35, column 49
[32mSuccessfully compiled "resources/public/js/compiled/om_tut.js" in 0.125 seconds.[0m
[0mCompiling "resources/public/js/compiled/om_tut.js" from ["src"]...
[31mCompiling "resources/public/js/compiled/om_tut.js" failed.
[0mERROR: Invalid number format [20px] on file /home/benji/Projects/om-tut/src/om_tut/core.cljs, line 35, column 50
[32mSuccessfully compiled "resources/public/js/compiled/om_tut.js" in 0.119 seconds.[0m
[0mCompiling "resources/public/js/compiled/om_tut.js" from ["src"]...
notifying browser that file changed:  out/om_tut/core.js
[32mSuccessfully compiled "resources/public/js/compiled/om_tut.js" in 0.233 seconds.[0m
[0mCompiling "resources/public/js/compiled/om_tut.js" from ["src"]...
notifying browser that file changed:  out/om_tut/core.js
[32mSuccessfully compiled "resources/public/js/compiled/om_tut.js" in 0.243 seconds.[0m
[0mCompiling "resources/public/js/compiled/om_tut.js" from ["src"]...
notifying browser that file changed:  out/om_tut/core.js
[32mSuccessfully compiled "resources/public/js/compiled/om_tut.js" in 0.279 seconds.[0m
[0mCompiling "resources/public/js/compiled/om_tut.js" from ["src"]...
[31mCompiling "resources/public/js/compiled/om_tut.js" failed.
[0mERROR: Unmatched delimiter } on file /home/benji/Projects/om-tut/src/om_tut/core.cljs, line 35, column 61
[32mSuccessfully compiled "resources/public/js/compiled/om_tut.js" in 0.12 seconds.[0m
[0mCompiling "resources/public/js/compiled/om_tut.js" from ["src"]...
WARNING: Use of undeclared Var om-tut.core/& at line 35 /home/benji/Projects/om-tut/src/om_tut/core.cljs
notifying browser that file changed:  out/om_tut/core.js
[32mSuccessfully compiled "resources/public/js/compiled/om_tut.js" in 0.325 seconds.[0m
[0mCompiling "resources/public/js/compiled/om_tut.js" from ["src"]...
notifying browser that file changed:  out/om_tut/core.js
[32mSuccessfully compiled "resources/public/js/compiled/om_tut.js" in 0.238 seconds.[0m
[0mCompiling "resources/public/js/compiled/om_tut.js" from ["src"]...
notifying browser that file changed:  out/om_tut/core.js
[32mSuccessfully compiled "resources/public/js/compiled/om_tut.js" in 0.275 seconds.[0m
[0mCompiling "resources/public/js/compiled/om_tut.js" from ["src"]...
WARNING: Use of undeclared Var om-tut.core/st at line 36 /home/benji/Projects/om-tut/src/om_tut/core.cljs
notifying browser that file changed:  out/om_tut/core.js
[32mSuccessfully compiled "resources/public/js/compiled/om_tut.js" in 0.358 seconds.[0m
[0mCompiling "resources/public/js/compiled/om_tut.js" from ["src"]...
WARNING: Use of undeclared Var om-tut.core/st at line 35 /home/benji/Projects/om-tut/src/om_tut/core.cljs
notifying browser that file changed:  out/om_tut/core.js
[32mSuccessfully compiled "resources/public/js/compiled/om_tut.js" in 0.305 seconds.[0m
[0mCompiling "resources/public/js/compiled/om_tut.js" from ["src"]...
notifying browser that file changed:  out/om_tut/core.js
[32mSuccessfully compiled "resources/public/js/compiled/om_tut.js" in 0.253 seconds.[0m
[0mCompiling "resources/public/js/compiled/om_tut.js" from ["src"]...
notifying browser that file changed:  resources/public/js/compiled/out/cljs_deps.js
notifying browser that file changed:  out/om_tut/core.js
[32mSuccessfully compiled "resources/public/js/compiled/om_tut.js" in 0.28 seconds.[0m
[0mCompiling "resources/public/js/compiled/om_tut.js" from ["src"]...
WARNING: Bad method signature in protocol implementation, om/IRenderState does not declare method called render at line 32 src/om_tut/core.cljs
WARNING: Use of undeclared Var om-tut.core/delete at line 37 src/om_tut/core.cljs
notifying browser that file changed:  out/om_tut/core.js
[32mSuccessfully compiled "resources/public/js/compiled/om_tut.js" in 0.361 seconds.[0m
[0mCompiling "resources/public/js/compiled/om_tut.js" from ["src"]...
notifying browser that file changed:  out/om_tut/core.js
[32mSuccessfully compiled "resources/public/js/compiled/om_tut.js" in 0.254 seconds.[0m
[0mCompiling "resources/public/js/compiled/om_tut.js" from ["src"]...
notifying browser that file changed:  out/om_tut/core.js
[32mSuccessfully compiled "resources/public/js/compiled/om_tut.js" in 0.346 seconds.[0m
[0mCompiling "resources/public/js/compiled/om_tut.js" from ["src"]...
notifying browser that file changed:  out/om_tut/core.js
[32mSuccessfully compiled "resources/public/js/compiled/om_tut.js" in 0.308 seconds.[0m
[0mCompiling "resources/public/js/compiled/om_tut.js" from ["src"]...
notifying browser that file changed:  out/om_tut/core.js
[32mSuccessfully compiled "resources/public/js/compiled/om_tut.js" in 0.351 seconds.[0m
[0mCompiling "resources/public/js/compiled/om_tut.js" from ["src"]...
notifying browser that file changed:  out/om_tut/core.js
[32mSuccessfully compiled "resources/public/js/compiled/om_tut.js" in 0.341 seconds.[0m
[0mCompiling "resources/public/js/compiled/om_tut.js" from ["src"]...
notifying browser that file changed:  resources/public/js/compiled/out/goog/deps.js
notifying browser that file changed:  resources/public/js/compiled/out/cljs_deps.js
notifying browser that file changed:  out/om_tut/core.js
[32mSuccessfully compiled "resources/public/js/compiled/om_tut.js" in 0.703 seconds.[0m
[0mCompiling "resources/public/js/compiled/om_tut.js" from ["src"]...
WARNING: Use of undeclared Var om-tut.core/>put! at line 40 src/om_tut/core.cljs
notifying browser that file changed:  out/om_tut/core.js
[32mSuccessfully compiled "resources/public/js/compiled/om_tut.js" in 0.458 seconds.[0m
[0mCompiling "resources/public/js/compiled/om_tut.js" from ["src"]...
notifying browser that file changed:  out/om_tut/core.js
[32mSuccessfully compiled "resources/public/js/compiled/om_tut.js" in 0.391 seconds.[0m
[0mCompiling "resources/public/js/compiled/om_tut.js" from ["src"]...
WARNING: Use of undeclared Var om-tut.core/go-loop at line 59 src/om_tut/core.cljs
[31mCompiling "resources/public/js/compiled/om_tut.js" failed.
[0mANALYSIS ERROR: Can't recur here at line 67 src/om_tut/core.cljs on file src/om_tut/core.cljs, line 67, column 13
[32mSuccessfully compiled "resources/public/js/compiled/om_tut.js" in 0.291 seconds.[0m
[0mCompiling "resources/public/js/compiled/om_tut.js" from ["src"]...
notifying browser that file changed:  out/om_tut/core.js
[32mSuccessfully compiled "resources/public/js/compiled/om_tut.js" in 0.403 seconds.[0m
[0mCompiling "resources/public/js/compiled/om_tut.js" from ["src"]...
notifying browser that file changed:  out/om_tut/core.js
[32mSuccessfully compiled "resources/public/js/compiled/om_tut.js" in 0.456 seconds.[0m
[0mCompiling "resources/public/js/compiled/om_tut.js" from ["src"]...
notifying browser that file changed:  out/om_tut/core.js
[32mSuccessfully compiled "resources/public/js/compiled/om_tut.js" in 0.352 seconds.[0m
[0mCompiling "resources/public/js/compiled/om_tut.js" from ["src"]...
notifying browser that file changed:  out/om_tut/core.js
[32mSuccessfully compiled "resources/public/js/compiled/om_tut.js" in 0.37 seconds.[0m
